build/app/intermediates/manifest_merge_blame_file/debug/manifest-merger-blame-debug-report.txt
1<?xml version="1.0" encoding="utf-8"?>
2<manifest xmlns:android="http://schemas.android.com/apk/res/android"
3    package="com.puji.twitter_clone"
4    android:versionCode="1"
5    android:versionName="1.0.0" >
6
7    <uses-sdk
8        android:minSdkVersion="16"
9        android:targetSdkVersion="33" />
10    <!--
11         The INTERNET permission is required for development. Specifically,
12         the Flutter tool needs it to communicate with the running application
13         to allow setting breakpoints, to provide hot reload, etc.
14    -->
15    <uses-permission android:name="android.permission.INTERNET" />
15-->src\debug\AndroidManifest.xml:7:5-66
15-->src\debug\AndroidManifest.xml:7:22-64
16
17    <application
18        android:name="android.app.Application"
19        android:appComponentFactory="androidx.core.app.CoreComponentFactory"
19-->[androidx.core:core:1.6.0] AndroidManifest.xml:24:18-86
20        android:debuggable="true"
21        android:icon="@mipmap/ic_launcher"
22        android:label="twitter_clone" >
23        <activity
24            android:name="com.puji.twitter_clone.MainActivity"
25            android:configChanges="orientation|keyboardHidden|keyboard|screenSize|smallestScreenSize|locale|layoutDirection|fontScale|screenLayout|density|uiMode"
26            android:exported="true"
27            android:hardwareAccelerated="true"
28            android:launchMode="singleTop"
29            android:theme="@style/LaunchTheme"
30            android:windowSoftInputMode="adjustResize" >
31
32            <!--
33                 Specifies an Android theme to apply to this Activity as soon as
34                 the Android process has started. This theme is visible to the user
35                 while the Flutter UI initializes. After that, this theme continues
36                 to determine the Window background behind the Flutter UI.
37            -->
38            <meta-data
39                android:name="io.flutter.embedding.android.NormalTheme"
40                android:resource="@style/NormalTheme" />
41
42            <intent-filter>
43                <action android:name="android.intent.action.MAIN" />
44
45                <category android:name="android.intent.category.LAUNCHER" />
46            </intent-filter>
47        </activity>
48        <activity
49            android:name="com.linusu.flutter_web_auth_2.CallbackActivity"
50            android:exported="true" >
51            <intent-filter android:label="flutter_web_auth_2" >
52                <action android:name="android.intent.action.VIEW" />
53
54                <category android:name="android.intent.category.DEFAULT" />
55                <category android:name="android.intent.category.BROWSABLE" />
56
57                <data android:scheme="appwrite-callback-63e1c2ac33d8cc06583f" />
58            </intent-filter>
59        </activity>
60        <!--
61             Don't delete the meta-data below.
62             This is used by the Flutter tool to generate GeneratedPluginRegistrant.java
63        -->
64        <meta-data
65            android:name="flutterEmbedding"
66            android:value="2" />
67
68        <activity
68-->[:url_launcher_android] AndroidManifest.xml:10:9-13:74
69            android:name="io.flutter.plugins.urllauncher.WebViewActivity"
69-->[:url_launcher_android] AndroidManifest.xml:11:13-74
70            android:exported="false"
70-->[:url_launcher_android] AndroidManifest.xml:12:13-37
71            android:theme="@android:style/Theme.NoTitleBar.Fullscreen" />
71-->[:url_launcher_android] AndroidManifest.xml:13:13-71
72
73        <uses-library
73-->[androidx.window:window:1.0.0-beta04] AndroidManifest.xml:25:9-27:40
74            android:name="androidx.window.extensions"
74-->[androidx.window:window:1.0.0-beta04] AndroidManifest.xml:26:13-54
75            android:required="false" />
75-->[androidx.window:window:1.0.0-beta04] AndroidManifest.xml:27:13-37
76        <uses-library
76-->[androidx.window:window:1.0.0-beta04] AndroidManifest.xml:28:9-30:40
77            android:name="androidx.window.sidecar"
77-->[androidx.window:window:1.0.0-beta04] AndroidManifest.xml:29:13-51
78            android:required="false" />
78-->[androidx.window:window:1.0.0-beta04] AndroidManifest.xml:30:13-37
79    </application>
80
81</manifest>